[0504/134142.833:ERROR:process_reader_win.cc(151)] SuspendThread: Access is denied. (0x5)
[0504/134142.833:ERROR:process_reader_win.cc(151)] SuspendThread: Access is denied. (0x5)
[0504/134142.835:ERROR:process_reader_win.cc(151)] SuspendThread: Access is denied. (0x5)
[0504/134142.835:ERROR:process_reader_win.cc(151)] SuspendThread: Access is denied. (0x5)
[0504/134142.835:ERROR:process_reader_win.cc(151)] SuspendThread: Access is denied. (0x5)
[0504/134142.835:ERROR:process_reader_win.cc(151)] SuspendThread: Access is denied. (0x5)
[0504/134142.835:ERROR:process_reader_win.cc(151)] SuspendThread: Access is denied. (0x5)
[0504/134142.836:ERROR:process_reader_win.cc(151)] SuspendThread: Access is denied. (0x5)
[0504/134142.836:ERROR:process_reader_win.cc(151)] SuspendThread: Access is denied. (0x5)
[0504/134142.877:ERROR:process_reader_win.cc(151)] SuspendThread: Access is denied. (0x5)
[0504/134142.850:ERROR:process_reader_win.cc(151)] SuspendThread: Access is denied. (0x5)
[0504/134142.855:ERROR:process_reader_win.cc(151)] SuspendThread: Access is denied. (0x5)
[0504/134142.931:ERROR:process_reader_win.cc(151)] SuspendThread: Access is denied. (0x5)
[0504/134142.931:ERROR:process_reader_win.cc(151)] SuspendThread: Access is denied. (0x5)
[0504/134142.931:ERROR:process_reader_win.cc(151)] SuspendThread: Access is denied. (0x5)
[0504/134142.931:ERROR:process_reader_win.cc(151)] SuspendThread: Access is denied. (0x5)
[0504/134142.931:ERROR:process_reader_win.cc(151)] SuspendThread: Access is denied. (0x5)
[0504/134142.931:ERROR:process_reader_win.cc(151)] SuspendThread: Access is denied. (0x5)
[0504/134142.931:ERROR:process_reader_win.cc(151)] SuspendThread: Access is denied. (0x5)
[0504/134142.931:ERROR:process_reader_win.cc(123)] NtOpenThread: {Access Denied} A process has requested access to an object, but has not been granted those access rights. (0xc0000022)
[0504/134142.931:ERROR:process_reader_win.cc(151)] SuspendThread: Access is denied. (0x5)
[0504/134142.931:ERROR:exception_snapshot_win.cc(98)] thread ID 21964 not found in process
[0504/134142.931:ERROR:process_reader_win.cc(151)] SuspendThread: Access is denied. (0x5)
[0504/134142.931:ERROR:process_reader_win.cc(123)] NtOpenThread: {Access Denied} A process has requested access to an object, but has not been granted those access rights. (0xc0000022)
[0504/134142.833:ERROR:process_reader_win.cc(151)] SuspendThread: Access is denied. (0x5)
[0504/134142.931:ERROR:exception_snapshot_win.cc(98)] thread ID 13848 not found in process
[0504/134142.931:ERROR:process_reader_win.cc(123)] NtOpenThread: An invalid Client ID was specified. (0xc000000b)
[0504/134142.932:ERROR:process_reader_win.cc(123)] NtOpenThread: An invalid Client ID was specified. (0xc000000b)
[0504/134142.932:ERROR:process_reader_win.cc(123)] NtOpenThread: An invalid Client ID was specified. (0xc000000b)
[0504/134142.932:ERROR:process_reader_win.cc(123)] NtOpenThread: An invalid Client ID was specified. (0xc000000b)
[0504/134142.932:ERROR:process_reader_win.cc(123)] NtOpenThread: An invalid Client ID was specified. (0xc000000b)
[0504/134142.932:ERROR:process_reader_win.cc(123)] NtOpenThread: An invalid Client ID was specified. (0xc000000b)
[0504/134142.932:ERROR:process_reader_win.cc(123)] NtOpenThread: An invalid Client ID was specified. (0xc000000b)
[0504/134142.932:ERROR:process_reader_win.cc(123)] NtOpenThread: An invalid Client ID was specified. (0xc000000b)
[0504/134142.932:ERROR:process_reader_win.cc(123)] NtOpenThread: An invalid Client ID was specified. (0xc000000b)
[0504/134142.932:ERROR:process_reader_win.cc(123)] NtOpenThread: An invalid Client ID was specified. (0xc000000b)
[0504/134142.932:ERROR:exception_snapshot_win.cc(98)] thread ID 5092 not found in process
[0504/134142.932:ERROR:process_reader_win.cc(151)] SuspendThread: Access is denied. (0x5)
[0504/134142.931:ERROR:process_reader_win.cc(123)] NtOpenThread: {Access Denied} A process has requested access to an object, but has not been granted those access rights. (0xc0000022)
[0504/134142.932:ERROR:process_reader_win.cc(151)] SuspendThread: Access is denied. (0x5)
[0504/134142.932:ERROR:process_reader_win.cc(123)] NtOpenThread: {Access Denied} A process has requested access to an object, but has not been granted those access rights. (0xc0000022)
[0504/134142.932:ERROR:exception_snapshot_win.cc(98)] thread ID 3348 not found in process
[0504/134142.835:ERROR:process_reader_win.cc(151)] SuspendThread: Access is denied. (0x5)
[0504/134142.932:ERROR:process_reader_win.cc(151)] SuspendThread: Access is denied. (0x5)
[0504/134142.932:ERROR:process_reader_win.cc(151)] SuspendThread: Access is denied. (0x5)
[0504/134142.932:ERROR:process_reader_win.cc(151)] SuspendThread: Access is denied. (0x5)
[0504/134142.932:ERROR:process_reader_win.cc(151)] SuspendThread: Access is denied. (0x5)
[0504/134142.932:ERROR:process_reader_win.cc(151)] SuspendThread: Access is denied. (0x5)
[0504/134142.932:ERROR:process_reader_win.cc(151)] SuspendThread: Access is denied. (0x5)
[0504/134142.932:ERROR:exception_snapshot_win.cc(98)] thread ID 16752 not found in process
[0504/134142.875:ERROR:process_reader_win.cc(151)] SuspendThread: Access is denied. (0x5)
[0504/134142.932:ERROR:process_reader_win.cc(151)] SuspendThread: Access is denied. (0x5)
[0504/134142.932:ERROR:process_reader_win.cc(151)] SuspendThread: Access is denied. (0x5)
[0504/134142.932:ERROR:process_reader_win.cc(123)] NtOpenThread: {Access Denied} A process has requested access to an object, but has not been granted those access rights. (0xc0000022)
[0504/134142.932:ERROR:exception_snapshot_win.cc(98)] thread ID 5628 not found in process
[0504/134142.932:ERROR:scoped_process_suspend.cc(40)] NtResumeProcess: An attempt was made to access an exiting process. (0xc000010a)
[0504/134142.932:ERROR:process_reader_win.cc(123)] NtOpenThread: {Access Denied} A process has requested access to an object, but has not been granted those access rights. (0xc0000022)
[0504/134142.933:ERROR:exception_snapshot_win.cc(98)] thread ID 18740 not found in process
[0504/135705.273:ERROR:process_reader_win.cc(151)] SuspendThread: Access is denied. (0x5)
[0504/135705.278:ERROR:process_reader_win.cc(151)] SuspendThread: Access is denied. (0x5)
[0504/135705.305:ERROR:process_reader_win.cc(151)] SuspendThread: Access is denied. (0x5)
[0504/135705.307:ERROR:process_reader_win.cc(151)] SuspendThread: Access is denied. (0x5)
[0504/135705.313:ERROR:process_reader_win.cc(151)] SuspendThread: Access is denied. (0x5)
[0504/135705.292:ERROR:process_reader_win.cc(151)] SuspendThread: Access is denied. (0x5)
[0504/135705.299:ERROR:process_reader_win.cc(151)] SuspendThread: Access is denied. (0x5)
[0504/135705.281:ERROR:process_reader_win.cc(151)] SuspendThread: Access is denied. (0x5)
[0504/135705.343:ERROR:process_reader_win.cc(151)] SuspendThread: Access is denied. (0x5)
[0504/135705.328:ERROR:process_reader_win.cc(151)] SuspendThread: Access is denied. (0x5)
[0504/135705.373:ERROR:process_reader_win.cc(151)] SuspendThread: Access is denied. (0x5)
[0504/135705.373:ERROR:process_reader_win.cc(151)] SuspendThread: Access is denied. (0x5)
[0504/135705.373:ERROR:process_reader_win.cc(151)] SuspendThread: Access is denied. (0x5)
[0504/135705.373:ERROR:process_reader_win.cc(151)] SuspendThread: Access is denied. (0x5)
[0504/135705.373:ERROR:process_reader_win.cc(151)] SuspendThread: Access is denied. (0x5)
[0504/135705.374:ERROR:process_reader_win.cc(151)] SuspendThread: Access is denied. (0x5)
[0504/135705.374:ERROR:process_reader_win.cc(151)] SuspendThread: Access is denied. (0x5)
[0504/135705.374:ERROR:process_reader_win.cc(151)] SuspendThread: Access is denied. (0x5)
[0504/135705.374:ERROR:process_reader_win.cc(151)] SuspendThread: Access is denied. (0x5)
[0504/135705.374:ERROR:process_reader_win.cc(151)] SuspendThread: Access is denied. (0x5)
[0504/135705.374:ERROR:process_reader_win.cc(151)] SuspendThread: Access is denied. (0x5)
[0504/135705.374:ERROR:process_reader_win.cc(151)] SuspendThread: Access is denied. (0x5)
[0504/135705.374:ERROR:process_reader_win.cc(151)] SuspendThread: Access is denied. (0x5)
[0504/135705.374:ERROR:process_reader_win.cc(151)] SuspendThread: Access is denied. (0x5)
[0504/135705.374:ERROR:process_reader_win.cc(151)] SuspendThread: Access is denied. (0x5)
[0504/135705.334:ERROR:process_reader_win.cc(151)] SuspendThread: Access is denied. (0x5)
[0504/135705.350:ERROR:process_reader_win.cc(151)] SuspendThread: Access is denied. (0x5)
[0504/135705.374:ERROR:process_reader_win.cc(151)] SuspendThread: Access is denied. (0x5)
[0504/135705.374:ERROR:process_reader_win.cc(151)] SuspendThread: Access is denied. (0x5)
[0504/135705.374:ERROR:process_reader_win.cc(151)] SuspendThread: Access is denied. (0x5)
[0504/135705.374:ERROR:process_reader_win.cc(151)] SuspendThread: Access is denied. (0x5)
[0504/135705.374:ERROR:process_reader_win.cc(151)] SuspendThread: Access is denied. (0x5)
[0504/135705.374:ERROR:process_reader_win.cc(151)] SuspendThread: Access is denied. (0x5)
[0504/135705.374:ERROR:process_reader_win.cc(151)] SuspendThread: Access is denied. (0x5)
[0504/135705.374:ERROR:process_reader_win.cc(151)] SuspendThread: Access is denied. (0x5)
[0504/135705.374:ERROR:process_reader_win.cc(151)] SuspendThread: Access is denied. (0x5)
[0504/135705.374:ERROR:process_reader_win.cc(151)] SuspendThread: Access is denied. (0x5)
[0504/135705.374:ERROR:process_reader_win.cc(151)] SuspendThread: Access is denied. (0x5)
[0504/135705.374:ERROR:process_reader_win.cc(151)] SuspendThread: Access is denied. (0x5)
[0504/135705.374:ERROR:process_reader_win.cc(151)] SuspendThread: Access is denied. (0x5)
[0504/135705.374:ERROR:process_reader_win.cc(151)] SuspendThread: Access is denied. (0x5)
[0504/135705.374:ERROR:process_reader_win.cc(151)] SuspendThread: Access is denied. (0x5)
[0504/135705.374:ERROR:process_reader_win.cc(151)] SuspendThread: Access is denied. (0x5)
[0504/135705.374:ERROR:process_reader_win.cc(151)] SuspendThread: Access is denied. (0x5)
[0504/135705.373:ERROR:process_reader_win.cc(123)] NtOpenThread: {Access Denied} A process has requested access to an object, but has not been granted those access rights. (0xc0000022)
[0504/135705.374:ERROR:exception_snapshot_win.cc(98)] thread ID 25384 not found in process
[0504/135705.374:ERROR:process_reader_win.cc(123)] NtOpenThread: {Access Denied} A process has requested access to an object, but has not been granted those access rights. (0xc0000022)
[0504/135705.374:ERROR:exception_snapshot_win.cc(98)] thread ID 24864 not found in process
[0504/135705.374:ERROR:process_reader_win.cc(123)] NtOpenThread: {Access Denied} A process has requested access to an object, but has not been granted those access rights. (0xc0000022)
[0504/135705.374:ERROR:exception_snapshot_win.cc(98)] thread ID 20108 not found in process
[0504/135705.374:ERROR:process_reader_win.cc(151)] SuspendThread: Access is denied. (0x5)
[0504/135705.374:ERROR:process_reader_win.cc(151)] SuspendThread: Access is denied. (0x5)
[0504/135705.374:ERROR:process_reader_win.cc(151)] SuspendThread: Access is denied. (0x5)
[0504/135705.374:ERROR:process_reader_win.cc(151)] SuspendThread: Access is denied. (0x5)
[0504/135705.374:ERROR:process_reader_win.cc(123)] NtOpenThread: {Access Denied} A process has requested access to an object, but has not been granted those access rights. (0xc0000022)
[0504/135705.374:ERROR:exception_snapshot_win.cc(98)] thread ID 24876 not found in process
[0504/135705.374:ERROR:process_reader_win.cc(151)] SuspendThread: Access is denied. (0x5)
[0504/135705.374:ERROR:process_reader_win.cc(151)] SuspendThread: Access is denied. (0x5)
[0504/135705.374:ERROR:process_reader_win.cc(151)] SuspendThread: Access is denied. (0x5)
[0504/135705.374:ERROR:process_reader_win.cc(151)] SuspendThread: Access is denied. (0x5)
[0504/135705.375:ERROR:process_reader_win.cc(151)] SuspendThread: Access is denied. (0x5)
[0504/135705.375:ERROR:process_reader_win.cc(151)] SuspendThread: Access is denied. (0x5)
[0504/135705.375:ERROR:process_reader_win.cc(151)] SuspendThread: Access is denied. (0x5)
[0504/135705.375:ERROR:process_reader_win.cc(151)] SuspendThread: Access is denied. (0x5)
[0504/135705.375:ERROR:process_reader_win.cc(151)] SuspendThread: Access is denied. (0x5)
[0504/135705.375:ERROR:process_reader_win.cc(151)] SuspendThread: Access is denied. (0x5)
[0504/135705.375:ERROR:process_reader_win.cc(151)] SuspendThread: Access is denied. (0x5)
[0504/135705.375:ERROR:process_reader_win.cc(151)] SuspendThread: Access is denied. (0x5)
[0504/135705.375:ERROR:process_reader_win.cc(151)] SuspendThread: Access is denied. (0x5)
[0504/135705.375:ERROR:process_reader_win.cc(151)] SuspendThread: Access is denied. (0x5)
[0504/135705.375:ERROR:process_reader_win.cc(151)] SuspendThread: Access is denied. (0x5)
[0504/135705.375:ERROR:process_reader_win.cc(151)] SuspendThread: Access is denied. (0x5)
[0504/135705.375:ERROR:process_reader_win.cc(151)] SuspendThread: Access is denied. (0x5)
[0504/135705.375:ERROR:process_reader_win.cc(151)] SuspendThread: Access is denied. (0x5)
[0504/135705.375:ERROR:process_reader_win.cc(151)] SuspendThread: Access is denied. (0x5)
[0504/135705.375:ERROR:process_reader_win.cc(151)] SuspendThread: Access is denied. (0x5)
[0504/135705.375:ERROR:process_reader_win.cc(151)] SuspendThread: Access is denied. (0x5)
[0504/135705.375:ERROR:process_reader_win.cc(151)] SuspendThread: Access is denied. (0x5)
[0504/135705.375:ERROR:process_reader_win.cc(151)] SuspendThread: Access is denied. (0x5)
[0504/135705.375:ERROR:process_reader_win.cc(151)] SuspendThread: Access is denied. (0x5)
[0504/135705.375:ERROR:process_reader_win.cc(151)] SuspendThread: Access is denied. (0x5)
[0504/135705.343:ERROR:process_reader_win.cc(151)] SuspendThread: Access is denied. (0x5)
[0504/135705.375:ERROR:process_reader_win.cc(151)] SuspendThread: Access is denied. (0x5)
[0504/135705.375:ERROR:process_reader_win.cc(151)] SuspendThread: Access is denied. (0x5)
[0504/135705.375:ERROR:process_reader_win.cc(151)] SuspendThread: Access is denied. (0x5)
[0504/135705.375:ERROR:process_reader_win.cc(151)] SuspendThread: Access is denied. (0x5)
[0504/135705.375:ERROR:process_reader_win.cc(151)] SuspendThread: Access is denied. (0x5)
[0504/135705.375:ERROR:process_reader_win.cc(151)] SuspendThread: Access is denied. (0x5)
[0504/135705.375:ERROR:process_reader_win.cc(151)] SuspendThread: Access is denied. (0x5)
[0504/135705.375:ERROR:process_reader_win.cc(151)] SuspendThread: Access is denied. (0x5)
[0504/135705.375:ERROR:process_reader_win.cc(151)] SuspendThread: Access is denied. (0x5)
[0504/135705.375:ERROR:process_reader_win.cc(151)] SuspendThread: Access is denied. (0x5)
[0504/135705.375:ERROR:process_reader_win.cc(151)] SuspendThread: Access is denied. (0x5)
[0504/135705.375:ERROR:process_reader_win.cc(151)] SuspendThread: Access is denied. (0x5)
[0504/135705.375:ERROR:process_reader_win.cc(151)] SuspendThread: Access is denied. (0x5)
[0504/135705.375:ERROR:process_reader_win.cc(151)] SuspendThread: Access is denied. (0x5)
[0504/135705.375:ERROR:process_reader_win.cc(151)] SuspendThread: Access is denied. (0x5)
[0504/135705.375:ERROR:process_reader_win.cc(151)] SuspendThread: Access is denied. (0x5)
[0504/135705.375:ERROR:process_reader_win.cc(151)] SuspendThread: Access is denied. (0x5)
[0504/135705.375:ERROR:process_reader_win.cc(151)] SuspendThread: Access is denied. (0x5)
[0504/135705.375:ERROR:process_reader_win.cc(151)] SuspendThread: Access is denied. (0x5)
[0504/135705.375:ERROR:process_reader_win.cc(151)] SuspendThread: Access is denied. (0x5)
[0504/135705.375:ERROR:process_reader_win.cc(151)] SuspendThread: Access is denied. (0x5)
[0504/135705.375:ERROR:process_reader_win.cc(151)] SuspendThread: Access is denied. (0x5)
[0504/135705.375:ERROR:process_reader_win.cc(151)] SuspendThread: Access is denied. (0x5)
[0504/135705.375:ERROR:process_reader_win.cc(151)] SuspendThread: Access is denied. (0x5)
[0504/135705.375:ERROR:process_reader_win.cc(151)] SuspendThread: Access is denied. (0x5)
[0504/135705.375:ERROR:process_reader_win.cc(151)] SuspendThread: Access is denied. (0x5)
[0504/135705.375:ERROR:process_reader_win.cc(151)] SuspendThread: Access is denied. (0x5)
[0504/135705.375:ERROR:process_reader_win.cc(151)] SuspendThread: Access is denied. (0x5)
[0504/135705.375:ERROR:process_reader_win.cc(123)] NtOpenThread: {Access Denied} A process has requested access to an object, but has not been granted those access rights. (0xc0000022)
[0504/135705.375:ERROR:process_reader_win.cc(151)] SuspendThread: Access is denied. (0x5)
[0504/135705.375:ERROR:process_reader_win.cc(151)] SuspendThread: Access is denied. (0x5)
[0504/135705.375:ERROR:process_reader_win.cc(151)] SuspendThread: Access is denied. (0x5)
[0504/135705.347:ERROR:process_reader_win.cc(151)] SuspendThread: Access is denied. (0x5)
[0504/135705.375:ERROR:exception_snapshot_win.cc(98)] thread ID 19240 not found in process
[0504/135705.375:ERROR:process_reader_win.cc(151)] SuspendThread: Access is denied. (0x5)
[0504/135705.375:ERROR:process_reader_win.cc(151)] SuspendThread: Access is denied. (0x5)
[0504/135705.375:ERROR:process_reader_win.cc(123)] NtOpenThread: {Access Denied} A process has requested access to an object, but has not been granted those access rights. (0xc0000022)
[0504/135705.375:ERROR:process_reader_win.cc(151)] SuspendThread: Access is denied. (0x5)
[0504/135705.375:ERROR:exception_snapshot_win.cc(98)] thread ID 18760 not found in process
[0504/135705.375:ERROR:process_reader_win.cc(151)] SuspendThread: Access is denied. (0x5)
[0504/135705.375:ERROR:process_reader_win.cc(151)] SuspendThread: Access is denied. (0x5)
[0504/135705.375:ERROR:process_reader_win.cc(151)] SuspendThread: Access is denied. (0x5)
[0504/135705.375:ERROR:process_reader_win.cc(151)] SuspendThread: Access is denied. (0x5)
[0504/135705.375:ERROR:process_reader_win.cc(151)] SuspendThread: Access is denied. (0x5)
[0504/135705.375:ERROR:process_reader_win.cc(151)] SuspendThread: Access is denied. (0x5)
[0504/135705.375:ERROR:process_reader_win.cc(151)] SuspendThread: Access is denied. (0x5)
[0504/135705.375:ERROR:process_reader_win.cc(151)] SuspendThread: Access is denied. (0x5)
[0504/135705.375:ERROR:process_reader_win.cc(151)] SuspendThread: Access is denied. (0x5)
[0504/135705.375:ERROR:process_reader_win.cc(151)] SuspendThread: Access is denied. (0x5)
[0504/135705.375:ERROR:process_reader_win.cc(151)] SuspendThread: Access is denied. (0x5)
[0504/135705.375:ERROR:process_reader_win.cc(151)] SuspendThread: Access is denied. (0x5)
[0504/135705.375:ERROR:process_reader_win.cc(151)] SuspendThread: Access is denied. (0x5)
[0504/135705.375:ERROR:process_reader_win.cc(151)] SuspendThread: Access is denied. (0x5)
[0504/135705.375:ERROR:process_reader_win.cc(151)] SuspendThread: Access is denied. (0x5)
[0504/135705.375:ERROR:process_reader_win.cc(151)] SuspendThread: Access is denied. (0x5)
[0504/135705.375:ERROR:process_reader_win.cc(151)] SuspendThread: Access is denied. (0x5)
[0504/135705.375:ERROR:process_reader_win.cc(151)] SuspendThread: Access is denied. (0x5)
[0504/135705.375:ERROR:process_reader_win.cc(151)] SuspendThread: Access is denied. (0x5)
[0504/135705.375:ERROR:process_reader_win.cc(151)] SuspendThread: Access is denied. (0x5)
[0504/135705.375:ERROR:process_reader_win.cc(151)] SuspendThread: Access is denied. (0x5)
[0504/135705.375:ERROR:process_reader_win.cc(151)] SuspendThread: Access is denied. (0x5)
[0504/135705.375:ERROR:process_reader_win.cc(151)] SuspendThread: Access is denied. (0x5)
[0504/135705.375:ERROR:process_reader_win.cc(151)] SuspendThread: Access is denied. (0x5)
[0504/135705.375:ERROR:process_reader_win.cc(151)] SuspendThread: Access is denied. (0x5)
[0504/135705.375:ERROR:process_reader_win.cc(151)] SuspendThread: Access is denied. (0x5)
[0504/135705.375:ERROR:process_reader_win.cc(123)] NtOpenThread: {Access Denied} A process has requested access to an object, but has not been granted those access rights. (0xc0000022)
[0504/135705.375:ERROR:process_reader_win.cc(151)] SuspendThread: Access is denied. (0x5)
[0504/135705.328:ERROR:process_reader_win.cc(151)] SuspendThread: Access is denied. (0x5)
[0504/135705.375:ERROR:process_reader_win.cc(123)] NtOpenThread: {Access Denied} A process has requested access to an object, but has not been granted those access rights. (0xc0000022)
[0504/135705.375:ERROR:exception_snapshot_win.cc(98)] thread ID 25320 not found in process
[0504/135705.375:ERROR:process_reader_win.cc(123)] NtOpenThread: {Access Denied} A process has requested access to an object, but has not been granted those access rights. (0xc0000022)
[0504/135705.375:ERROR:process_reader_win.cc(151)] SuspendThread: Access is denied. (0x5)
[0504/135705.375:ERROR:process_reader_win.cc(151)] SuspendThread: Access is denied. (0x5)
[0504/135705.337:ERROR:process_reader_win.cc(151)] SuspendThread: Access is denied. (0x5)
[0504/135705.373:ERROR:process_reader_win.cc(123)] NtOpenThread: {Access Denied} A process has requested access to an object, but has not been granted those access rights. (0xc0000022)
[0504/135705.390:ERROR:exception_snapshot_win.cc(98)] thread ID 25312 not found in process
[0504/135705.375:ERROR:process_reader_win.cc(151)] SuspendThread: Access is denied. (0x5)
[0504/135705.392:ERROR:exception_snapshot_win.cc(98)] thread ID 24844 not found in process
[0504/135705.393:ERROR:scoped_process_suspend.cc(40)] NtResumeProcess: An attempt was made to access an exiting process. (0xc000010a)
[0504/135705.392:ERROR:process_reader_win.cc(123)] NtOpenThread: {Access Denied} A process has requested access to an object, but has not been granted those access rights. (0xc0000022)
[0504/135705.395:ERROR:exception_snapshot_win.cc(98)] thread ID 9848 not found in process
[0504/135705.401:ERROR:process_reader_win.cc(151)] SuspendThread: Access is denied. (0x5)
[0504/135705.401:ERROR:process_reader_win.cc(151)] SuspendThread: Access is denied. (0x5)
[0504/135705.401:ERROR:process_reader_win.cc(151)] SuspendThread: Access is denied. (0x5)
[0504/135705.401:ERROR:process_reader_win.cc(151)] SuspendThread: Access is denied. (0x5)
[0504/135705.401:ERROR:process_reader_win.cc(151)] SuspendThread: Access is denied. (0x5)
[0504/135705.401:ERROR:process_reader_win.cc(151)] SuspendThread: Access is denied. (0x5)
[0504/135705.401:ERROR:process_reader_win.cc(151)] SuspendThread: Access is denied. (0x5)
[0504/135705.401:ERROR:process_reader_win.cc(151)] SuspendThread: Access is denied. (0x5)
[0504/135705.401:ERROR:process_reader_win.cc(151)] SuspendThread: Access is denied. (0x5)
[0504/135705.401:ERROR:process_reader_win.cc(151)] SuspendThread: Access is denied. (0x5)
[0504/135705.401:ERROR:process_reader_win.cc(151)] SuspendThread: Access is denied. (0x5)
[0504/135705.401:ERROR:process_reader_win.cc(151)] SuspendThread: Access is denied. (0x5)
[0504/135705.401:ERROR:process_reader_win.cc(151)] SuspendThread: Access is denied. (0x5)
[0504/135705.401:ERROR:process_reader_win.cc(151)] SuspendThread: Access is denied. (0x5)
[0504/135705.401:ERROR:process_reader_win.cc(151)] SuspendThread: Access is denied. (0x5)
[0504/135705.401:ERROR:process_reader_win.cc(151)] SuspendThread: Access is denied. (0x5)
[0504/135705.401:ERROR:process_reader_win.cc(151)] SuspendThread: Access is denied. (0x5)
[0504/135705.401:ERROR:process_reader_win.cc(151)] SuspendThread: Access is denied. (0x5)
[0504/135705.401:ERROR:process_reader_win.cc(151)] SuspendThread: Access is denied. (0x5)
[0504/135705.401:ERROR:process_reader_win.cc(151)] SuspendThread: Access is denied. (0x5)
[0504/135705.401:ERROR:process_reader_win.cc(151)] SuspendThread: Access is denied. (0x5)
[0504/135705.401:ERROR:process_reader_win.cc(151)] SuspendThread: Access is denied. (0x5)
[0504/135705.401:ERROR:process_reader_win.cc(151)] SuspendThread: Access is denied. (0x5)
[0504/135705.401:ERROR:process_reader_win.cc(151)] SuspendThread: Access is denied. (0x5)
[0504/135705.401:ERROR:process_reader_win.cc(151)] SuspendThread: Access is denied. (0x5)
[0504/135705.401:ERROR:process_reader_win.cc(151)] SuspendThread: Access is denied. (0x5)
[0504/135705.401:ERROR:process_reader_win.cc(151)] SuspendThread: Access is denied. (0x5)
[0504/135705.401:ERROR:process_reader_win.cc(151)] SuspendThread: Access is denied. (0x5)
[0504/135705.401:ERROR:process_reader_win.cc(151)] SuspendThread: Access is denied. (0x5)
[0504/135705.401:ERROR:process_reader_win.cc(151)] SuspendThread: Access is denied. (0x5)
[0504/135705.401:ERROR:process_reader_win.cc(151)] SuspendThread: Access is denied. (0x5)
[0504/135705.401:ERROR:process_reader_win.cc(151)] SuspendThread: Access is denied. (0x5)
[0504/135705.401:ERROR:process_reader_win.cc(151)] SuspendThread: Access is denied. (0x5)
[0504/135705.401:ERROR:process_reader_win.cc(151)] SuspendThread: Access is denied. (0x5)
[0504/135705.401:ERROR:process_reader_win.cc(151)] SuspendThread: Access is denied. (0x5)
[0504/135705.401:ERROR:process_reader_win.cc(151)] SuspendThread: Access is denied. (0x5)
[0504/135705.401:ERROR:process_reader_win.cc(151)] SuspendThread: Access is denied. (0x5)
[0504/135705.401:ERROR:process_reader_win.cc(151)] SuspendThread: Access is denied. (0x5)
[0504/135705.401:ERROR:process_reader_win.cc(151)] SuspendThread: Access is denied. (0x5)
[0504/135705.401:ERROR:process_reader_win.cc(151)] SuspendThread: Access is denied. (0x5)
[0504/135705.401:ERROR:process_reader_win.cc(123)] NtOpenThread: {Access Denied} A process has requested access to an object, but has not been granted those access rights. (0xc0000022)
[0504/135705.401:ERROR:exception_snapshot_win.cc(98)] thread ID 24592 not found in process
[0504/135705.401:ERROR:process_reader_win.cc(151)] SuspendThread: Access is denied. (0x5)
[0504/135705.401:ERROR:process_reader_win.cc(151)] SuspendThread: Access is denied. (0x5)
[0504/135705.401:ERROR:process_reader_win.cc(151)] SuspendThread: Access is denied. (0x5)
[0504/135705.401:ERROR:process_reader_win.cc(151)] SuspendThread: Access is denied. (0x5)
[0504/135705.401:ERROR:process_reader_win.cc(123)] NtOpenThread: {Access Denied} A process has requested access to an object, but has not been granted those access rights. (0xc0000022)
[0504/135705.401:ERROR:exception_snapshot_win.cc(98)] thread ID 18360 not found in process
[0504/135705.375:ERROR:process_reader_win.cc(123)] NtOpenThread: {Access Denied} A process has requested access to an object, but has not been granted those access rights. (0xc0000022)
[0504/135705.402:ERROR:exception_snapshot_win.cc(98)] thread ID 13980 not found in process
[0504/135705.402:ERROR:process_reader_win.cc(151)] SuspendThread: Access is denied. (0x5)
[0504/135705.402:ERROR:process_reader_win.cc(151)] SuspendThread: Access is denied. (0x5)
[0504/135705.402:ERROR:process_reader_win.cc(151)] SuspendThread: Access is denied. (0x5)
[0504/135705.402:ERROR:process_reader_win.cc(151)] SuspendThread: Access is denied. (0x5)
[0504/135705.375:ERROR:process_reader_win.cc(151)] SuspendThread: Access is denied. (0x5)
[0504/135705.402:ERROR:process_reader_win.cc(151)] SuspendThread: Access is denied. (0x5)
[0504/135705.402:ERROR:process_reader_win.cc(151)] SuspendThread: Access is denied. (0x5)
[0504/135705.402:ERROR:process_reader_win.cc(151)] SuspendThread: Access is denied. (0x5)
[0504/135705.402:ERROR:process_reader_win.cc(151)] SuspendThread: Access is denied. (0x5)
[0504/135705.402:ERROR:process_reader_win.cc(151)] SuspendThread: Access is denied. (0x5)
[0504/135705.402:ERROR:process_reader_win.cc(151)] SuspendThread: Access is denied. (0x5)
[0504/135705.402:ERROR:process_reader_win.cc(123)] NtOpenThread: {Access Denied} A process has requested access to an object, but has not been granted those access rights. (0xc0000022)
[0504/135705.402:ERROR:exception_snapshot_win.cc(98)] thread ID 25228 not found in process
[0504/135705.375:ERROR:exception_snapshot_win.cc(98)] thread ID 24784 not found in process
[0504/135705.402:ERROR:process_reader_win.cc(151)] SuspendThread: Access is denied. (0x5)
[0504/135705.404:ERROR:process_reader_win.cc(151)] SuspendThread: Access is denied. (0x5)
[0504/135705.404:ERROR:process_reader_win.cc(123)] NtOpenThread: {Access Denied} A process has requested access to an object, but has not been granted those access rights. (0xc0000022)
[0504/135705.404:ERROR:exception_snapshot_win.cc(98)] thread ID 24340 not found in process
[0504/143911.301:ERROR:process_reader_win.cc(151)] SuspendThread: Access is denied. (0x5)
[0504/143911.305:ERROR:process_reader_win.cc(151)] SuspendThread: Access is denied. (0x5)
[0504/143911.302:ERROR:process_reader_win.cc(151)] SuspendThread: Access is denied. (0x5)
[0504/143911.324:ERROR:process_reader_win.cc(151)] SuspendThread: Access is denied. (0x5)
[0504/143911.325:ERROR:process_reader_win.cc(151)] SuspendThread: Access is denied. (0x5)
[0504/143911.332:ERROR:process_reader_win.cc(151)] SuspendThread: Access is denied. (0x5)
[0504/143911.312:ERROR:process_reader_win.cc(151)] SuspendThread: Access is denied. (0x5)
[0504/143911.324:ERROR:process_reader_win.cc(151)] SuspendThread: Access is denied. (0x5)
[0504/143911.403:ERROR:process_reader_win.cc(151)] SuspendThread: Access is denied. (0x5)
[0504/143911.403:ERROR:process_reader_win.cc(151)] SuspendThread: Access is denied. (0x5)
[0504/143911.403:ERROR:process_reader_win.cc(151)] SuspendThread: Access is denied. (0x5)
[0504/143911.403:ERROR:process_reader_win.cc(151)] SuspendThread: Access is denied. (0x5)
[0504/143911.403:ERROR:process_reader_win.cc(151)] SuspendThread: Access is denied. (0x5)
[0504/143911.403:ERROR:process_reader_win.cc(151)] SuspendThread: Access is denied. (0x5)
[0504/143911.403:ERROR:process_reader_win.cc(151)] SuspendThread: Access is denied. (0x5)
[0504/143911.403:ERROR:process_reader_win.cc(151)] SuspendThread: Access is denied. (0x5)
[0504/143911.403:ERROR:process_reader_win.cc(151)] SuspendThread: Access is denied. (0x5)
[0504/143911.403:ERROR:process_reader_win.cc(151)] SuspendThread: Access is denied. (0x5)
[0504/143911.403:ERROR:process_reader_win.cc(151)] SuspendThread: Access is denied. (0x5)
[0504/143911.403:ERROR:process_reader_win.cc(151)] SuspendThread: Access is denied. (0x5)
[0504/143911.403:ERROR:process_reader_win.cc(151)] SuspendThread: Access is denied. (0x5)
[0504/143911.403:ERROR:process_reader_win.cc(151)] SuspendThread: Access is denied. (0x5)
[0504/143911.403:ERROR:process_reader_win.cc(151)] SuspendThread: Access is denied. (0x5)
[0504/143911.403:ERROR:process_reader_win.cc(151)] SuspendThread: Access is denied. (0x5)
[0504/143911.403:ERROR:process_reader_win.cc(151)] SuspendThread: Access is denied. (0x5)
[0504/143911.403:ERROR:process_reader_win.cc(151)] SuspendThread: Access is denied. (0x5)
[0504/143911.403:ERROR:process_reader_win.cc(151)] SuspendThread: Access is denied. (0x5)
[0504/143911.403:ERROR:process_reader_win.cc(151)] SuspendThread: Access is denied. (0x5)
[0504/143911.403:ERROR:process_reader_win.cc(151)] SuspendThread: Access is denied. (0x5)
[0504/143911.403:ERROR:process_reader_win.cc(151)] SuspendThread: Access is denied. (0x5)
[0504/143911.403:ERROR:process_reader_win.cc(151)] SuspendThread: Access is denied. (0x5)
[0504/143911.403:ERROR:process_reader_win.cc(151)] SuspendThread: Access is denied. (0x5)
[0504/143911.403:ERROR:process_reader_win.cc(151)] SuspendThread: Access is denied. (0x5)
[0504/143911.403:ERROR:process_reader_win.cc(151)] SuspendThread: Access is denied. (0x5)
[0504/143911.403:ERROR:process_reader_win.cc(151)] SuspendThread: Access is denied. (0x5)
[0504/143911.403:ERROR:process_reader_win.cc(151)] SuspendThread: Access is denied. (0x5)
[0504/143911.403:ERROR:process_reader_win.cc(151)] SuspendThread: Access is denied. (0x5)
[0504/143911.403:ERROR:process_reader_win.cc(151)] SuspendThread: Access is denied. (0x5)
[0504/143911.403:ERROR:process_reader_win.cc(151)] SuspendThread: Access is denied. (0x5)
[0504/143911.403:ERROR:process_reader_win.cc(151)] SuspendThread: Access is denied. (0x5)
[0504/143911.403:ERROR:process_reader_win.cc(151)] SuspendThread: Access is denied. (0x5)
[0504/143911.403:ERROR:process_reader_win.cc(151)] SuspendThread: Access is denied. (0x5)
[0504/143911.403:ERROR:process_reader_win.cc(151)] SuspendThread: Access is denied. (0x5)
[0504/143911.403:ERROR:process_reader_win.cc(151)] SuspendThread: Access is denied. (0x5)
[0504/143911.403:ERROR:process_reader_win.cc(151)] SuspendThread: Access is denied. (0x5)
[0504/143911.403:ERROR:process_reader_win.cc(151)] SuspendThread: Access is denied. (0x5)
[0504/143911.403:ERROR:process_reader_win.cc(151)] SuspendThread: Access is denied. (0x5)
[0504/143911.403:ERROR:process_reader_win.cc(151)] SuspendThread: Access is denied. (0x5)
[0504/143911.403:ERROR:process_reader_win.cc(151)] SuspendThread: Access is denied. (0x5)
[0504/143911.403:ERROR:process_reader_win.cc(151)] SuspendThread: Access is denied. (0x5)
[0504/143911.403:ERROR:process_reader_win.cc(151)] SuspendThread: Access is denied. (0x5)
[0504/143911.403:ERROR:process_reader_win.cc(151)] SuspendThread: Access is denied. (0x5)
[0504/143911.403:ERROR:process_reader_win.cc(151)] SuspendThread: Access is denied. (0x5)
[0504/143911.403:ERROR:process_reader_win.cc(151)] SuspendThread: Access is denied. (0x5)
[0504/143911.403:ERROR:process_reader_win.cc(151)] SuspendThread: Access is denied. (0x5)
[0504/143911.403:ERROR:process_reader_win.cc(151)] SuspendThread: Access is denied. (0x5)
[0504/143911.403:ERROR:process_reader_win.cc(151)] SuspendThread: Access is denied. (0x5)
[0504/143911.403:ERROR:process_reader_win.cc(151)] SuspendThread: Access is denied. (0x5)
[0504/143911.403:ERROR:process_reader_win.cc(151)] SuspendThread: Access is denied. (0x5)
[0504/143911.403:ERROR:process_reader_win.cc(151)] SuspendThread: Access is denied. (0x5)
[0504/143911.403:ERROR:process_reader_win.cc(151)] SuspendThread: Access is denied. (0x5)
[0504/143911.403:ERROR:process_reader_win.cc(151)] SuspendThread: Access is denied. (0x5)
[0504/143911.403:ERROR:process_reader_win.cc(151)] SuspendThread: Access is denied. (0x5)
[0504/143911.403:ERROR:process_reader_win.cc(151)] SuspendThread: Access is denied. (0x5)
[0504/143911.403:ERROR:process_reader_win.cc(151)] SuspendThread: Access is denied. (0x5)
[0504/143911.403:ERROR:process_reader_win.cc(151)] SuspendThread: Access is denied. (0x5)
[0504/143911.403:ERROR:process_reader_win.cc(151)] SuspendThread: Access is denied. (0x5)
[0504/143911.403:ERROR:process_reader_win.cc(151)] SuspendThread: Access is denied. (0x5)
[0504/143911.403:ERROR:process_reader_win.cc(151)] SuspendThread: Access is denied. (0x5)
[0504/143911.403:ERROR:process_reader_win.cc(151)] SuspendThread: Access is denied. (0x5)
[0504/143911.403:ERROR:process_reader_win.cc(151)] SuspendThread: Access is denied. (0x5)
[0504/143911.404:ERROR:process_reader_win.cc(151)] SuspendThread: Access is denied. (0x5)
[0504/143911.404:ERROR:process_reader_win.cc(151)] SuspendThread: Access is denied. (0x5)
[0504/143911.403:ERROR:process_reader_win.cc(123)] NtOpenThread: {Access Denied} A process has requested access to an object, but has not been granted those access rights. (0xc0000022)
[0504/143911.402:ERROR:process_reader_win.cc(123)] NtOpenThread: {Access Denied} A process has requested access to an object, but has not been granted those access rights. (0xc0000022)
[0504/143911.403:ERROR:process_reader_win.cc(123)] NtOpenThread: {Access Denied} A process has requested access to an object, but has not been granted those access rights. (0xc0000022)
[0504/143911.415:ERROR:exception_snapshot_win.cc(98)] thread ID 20076 not found in process
[0504/143911.415:ERROR:exception_snapshot_win.cc(98)] thread ID 24888 not found in process
[0504/143911.415:ERROR:exception_snapshot_win.cc(98)] thread ID 2524 not found in process
[0504/143911.403:ERROR:process_reader_win.cc(123)] NtOpenThread: {Access Denied} A process has requested access to an object, but has not been granted those access rights. (0xc0000022)
[0504/143911.415:ERROR:exception_snapshot_win.cc(98)] thread ID 24600 not found in process
[0504/143911.402:ERROR:process_reader_win.cc(123)] NtOpenThread: {Access Denied} A process has requested access to an object, but has not been granted those access rights. (0xc0000022)
[0504/143911.415:ERROR:exception_snapshot_win.cc(98)] thread ID 22808 not found in process
[0504/143911.402:ERROR:process_reader_win.cc(123)] NtOpenThread: {Access Denied} A process has requested access to an object, but has not been granted those access rights. (0xc0000022)
[0504/143911.415:ERROR:exception_snapshot_win.cc(98)] thread ID 2900 not found in process
[0504/143911.402:ERROR:process_reader_win.cc(123)] NtOpenThread: {Access Denied} A process has requested access to an object, but has not been granted those access rights. (0xc0000022)
[0504/143911.404:ERROR:process_reader_win.cc(123)] NtOpenThread: {Access Denied} A process has requested access to an object, but has not been granted those access rights. (0xc0000022)
[0504/143911.415:ERROR:exception_snapshot_win.cc(98)] thread ID 6432 not found in process
[0504/143911.442:ERROR:exception_snapshot_win.cc(98)] thread ID 18212 not found in process
[0504/145010.786:ERROR:process_reader_win.cc(151)] SuspendThread: Access is denied. (0x5)
[0504/145010.786:ERROR:process_reader_win.cc(151)] SuspendThread: Access is denied. (0x5)
[0504/145010.809:ERROR:process_reader_win.cc(123)] NtOpenThread: {Access Denied} A process has requested access to an object, but has not been granted those access rights. (0xc0000022)
[0504/145010.802:ERROR:process_reader_win.cc(151)] SuspendThread: Access is denied. (0x5)
[0504/145010.879:ERROR:exception_snapshot_win.cc(98)] thread ID 22616 not found in process
[0504/145010.879:ERROR:process_reader_win.cc(151)] SuspendThread: Access is denied. (0x5)
[0504/145010.879:ERROR:process_reader_win.cc(123)] NtOpenThread: {Access Denied} A process has requested access to an object, but has not been granted those access rights. (0xc0000022)
[0504/145010.879:ERROR:exception_snapshot_win.cc(98)] thread ID 21440 not found in process
[0504/145010.879:ERROR:process_reader_win.cc(151)] SuspendThread: Access is denied. (0x5)
[0504/145010.879:ERROR:process_reader_win.cc(151)] SuspendThread: Access is denied. (0x5)
[0504/145010.879:ERROR:process_reader_win.cc(151)] SuspendThread: Access is denied. (0x5)
[0504/145010.879:ERROR:process_reader_win.cc(123)] NtOpenThread: {Access Denied} A process has requested access to an object, but has not been granted those access rights. (0xc0000022)
[0504/145010.879:ERROR:exception_snapshot_win.cc(98)] thread ID 24252 not found in process
[0504/145010.879:ERROR:process_reader_win.cc(123)] NtOpenThread: {Access Denied} A process has requested access to an object, but has not been granted those access rights. (0xc0000022)
[0504/145010.879:ERROR:exception_snapshot_win.cc(98)] thread ID 1452 not found in process
